<component name="libraryTable">
  <library name="junit.jupiter" type="repository">
    <properties maven-id="org.junit.jupiter:junit-jupiter:5.8.0-M1" />
    <CLASSES>
      <root url="jar://$PROJECT_DIR$/lib/junit-jupiter-5.8.0-M1.jar!/" />
      <root url="jar://$PROJECT_DIR$/lib/junit-jupiter-api-5.8.0-M1.jar!/" />
      <root url="jar://$PROJECT_DIR$/lib/apiguardian-api-1.1.1.jar!/" />
      <root url="jar://$PROJECT_DIR$/lib/opentest4j-1.2.0.jar!/" />
      <root url="jar://$PROJECT_DIR$/lib/junit-platform-commons-1.8.0-M1.jar!/" />
      <root url="jar://$PROJECT_DIR$/lib/junit-jupiter-params-5.8.0-M1.jar!/" />
      <root url="jar://$PROJECT_DIR$/lib/junit-jupiter-engine-5.8.0-M1.jar!/" />
      <root url="jar://$PROJECT_DIR$/lib/junit-platform-engine-1.8.0-M1.jar!/" />
      <root url="jar://$PROJECT_DIR$/lib/kotlin-stdlib-jdk8-1.4.20.jar!/" />
      <root url="jar://$PROJECT_DIR$/lib/kotlin-stdlib-1.4.20.jar!/" />
      <root url="jar://$PROJECT_DIR$/lib/kotlin-stdlib-common-1.4.20.jar!/" />
      <root url="jar://$PROJECT_DIR$/lib/annotations-13.0.jar!/" />
      <root url="jar://$PROJECT_DIR$/lib/kotlin-stdlib-jdk7-1.4.20.jar!/" />
    </CLASSES>
    <JAVADOC>
      <root url="jar://$PROJECT_DIR$/lib/junit-jupiter-5.8.0-M1-javadoc.jar!/" />
      <root url="jar://$PROJECT_DIR$/lib/junit-jupiter-api-5.8.0-M1-javadoc.jar!/" />
      <root url="jar://$PROJECT_DIR$/lib/apiguardian-api-1.1.1-javadoc.jar!/" />
      <root url="jar://$PROJECT_DIR$/lib/opentest4j-1.2.0-javadoc.jar!/" />
      <root url="jar://$PROJECT_DIR$/lib/junit-platform-commons-1.8.0-M1-javadoc.jar!/" />
      <root url="jar://$PROJECT_DIR$/lib/junit-jupiter-params-5.8.0-M1-javadoc.jar!/" />
      <root url="jar://$PROJECT_DIR$/lib/junit-jupiter-engine-5.8.0-M1-javadoc.jar!/" />
      <root url="jar://$PROJECT_DIR$/lib/junit-platform-engine-1.8.0-M1-javadoc.jar!/" />
      <root url="jar://$PROJECT_DIR$/lib/kotlin-stdlib-jdk8-1.4.20-javadoc.jar!/" />
      <root url="jar://$PROJECT_DIR$/lib/kotlin-stdlib-1.4.20-javadoc.jar!/" />
      <root url="jar://$PROJECT_DIR$/lib/kotlin-stdlib-common-1.4.20-javadoc.jar!/" />
      <root url="jar://$PROJECT_DIR$/lib/annotations-13.0-javadoc.jar!/" />
      <root url="jar://$PROJECT_DIR$/lib/kotlin-stdlib-jdk7-1.4.20-javadoc.jar!/" />
    </JAVADOC>
    <SOURCES>
      <root url="jar://$PROJECT_DIR$/lib/junit-jupiter-5.8.0-M1-sources.jar!/" />
      <root url="jar://$PROJECT_DIR$/lib/junit-jupiter-api-5.8.0-M1-sources.jar!/" />
      <root url="jar://$PROJECT_DIR$/lib/apiguardian-api-1.1.1-sources.jar!/" />
      <root url="jar://$PROJECT_DIR$/lib/opentest4j-1.2.0-sources.jar!/" />
      <root url="jar://$PROJECT_DIR$/lib/junit-platform-commons-1.8.0-M1-sources.jar!/" />
      <root url="jar://$PROJECT_DIR$/lib/junit-jupiter-params-5.8.0-M1-sources.jar!/" />
      <root url="jar://$PROJECT_DIR$/lib/junit-jupiter-engine-5.8.0-M1-sources.jar!/" />
      <root url="jar://$PROJECT_DIR$/lib/junit-platform-engine-1.8.0-M1-sources.jar!/" />
      <root url="jar://$PROJECT_DIR$/lib/kotlin-stdlib-jdk8-1.4.20-sources.jar!/" />
      <root url="jar://$PROJECT_DIR$/lib/kotlin-stdlib-1.4.20-sources.jar!/" />
      <root url="jar://$PROJECT_DIR$/lib/kotlin-stdlib-common-1.4.20-sources.jar!/" />
      <root url="jar://$PROJECT_DIR$/lib/annotations-13.0-sources.jar!/" />
      <root url="jar://$PROJECT_DIR$/lib/kotlin-stdlib-jdk7-1.4.20-sources.jar!/" />
    </SOURCES>
  </library>
</component>